<?xml version="1.0" encoding="UTF-8"?>
<testng-results ignored="0" total="1" passed="1" failed="0" skipped="0">
  <reporter-output>
  </reporter-output>
  <suite started-at="2022-04-28T19:16:53 IST" name="Default suite" finished-at="2022-04-28T19:17:24 IST" duration-ms="31218">
    <groups>
    </groups>
    <test started-at="2022-04-28T19:16:53 IST" name="Default test" finished-at="2022-04-28T19:17:24 IST" duration-ms="31218">
      <class name="com.Amazon.Test_assignment.Amazon_Testing">
        <test-method is-config="true" signature="startReport()[pri:0, instance:com.Amazon.Test_assignment.Amazon_Testing@5b38c1ec]" started-at="2022-04-28T19:16:53 IST" name="startReport" finished-at="2022-04-28T19:16:53 IST" duration-ms="245" status="PASS">
          <reporter-output>
          </reporter-output>
        </test-method> <!-- startReport -->
        <test-method is-config="true" signature="launchbrowser()[pri:0, instance:com.Amazon.Test_assignment.Amazon_Testing@5b38c1ec]" started-at="2022-04-28T19:16:53 IST" name="launchbrowser" finished-at="2022-04-28T19:16:57 IST" duration-ms="4439" status="PASS">
          <reporter-output>
          </reporter-output>
        </test-method> <!-- launchbrowser -->
        <test-method signature="AmazonTest()[pri:0, instance:com.Amazon.Test_assignment.Amazon_Testing@5b38c1ec]" started-at="2022-04-28T19:16:57 IST" name="AmazonTest" finished-at="2022-04-28T19:17:20 IST" duration-ms="23015" status="PASS">
          <reporter-output>
          </reporter-output>
        </test-method> <!-- AmazonTest -->
        <test-method is-config="true" signature="screenShot(org.testng.ITestResult)[pri:0, instance:com.Amazon.Test_assignment.Amazon_Testing@5b38c1ec]" started-at="2022-04-28T19:17:20 IST" name="screenShot" finished-at="2022-04-28T19:17:23 IST" duration-ms="3019" status="PASS">
          <params>
            <param index="0">
              <value>
                <![CDATA[[TestResult name=AmazonTest status=SUCCESS method=Amazon_Testing.AmazonTest()[pri:0, instance:com.Amazon.Test_assignment.Amazon_Testing@5b38c1ec] output={null}]]]>
              </value>
            </param>
          </params>
          <reporter-output>
          </reporter-output>
        </test-method> <!-- screenShot -->
        <test-method is-config="true" signature="quitbrowser()[pri:0, instance:com.Amazon.Test_assignment.Amazon_Testing@5b38c1ec]" started-at="2022-04-28T19:17:23 IST" name="quitbrowser" finished-at="2022-04-28T19:17:24 IST" duration-ms="428" status="PASS">
          <reporter-output>
          </reporter-output>
        </test-method> <!-- quitbrowser -->
      </class> <!-- com.Amazon.Test_assignment.Amazon_Testing -->
    </test> <!-- Default test -->
  </suite> <!-- Default suite -->
</testng-results>
